Using pre-set license
Built from '2020.3/staging' branch; Version is '2020.3.5f1 (8095aa901b9b) revision 8426922'; Using compiler version '192528614'; Build Type 'Release'
OS: 'Windows 10 Home; OS build 18363.1198; Version 1909; 64bit' Language: 'ko' Physical Memory: 16142 MB
BatchMode: 1, IsHumanControllingUs: 0, StartBugReporterOnCrash: 0, Is64bit: 1, IsPro: 0

 COMMAND LINE ARGUMENTS:
D:\Unity\Editor\2020.3.5f1\Editor\Unity.exe
-adb2
-batchMode
-noUpm
-name
AssetImportWorker0
-projectPath
D:/Unity/Own/QuarterView
-logFile
Logs/AssetImportWorker0.log
-srvPort
64029
Successfully changed project path to: D:/Unity/Own/QuarterView
D:/Unity/Own/QuarterView
Using Asset Import Pipeline V2.
Refreshing native plugins compatible for Editor in 35.26 ms, found 0 plugins.
Preloading 0 native plugins for Editor in 0.00 ms.
Initialize engine version: 2020.3.5f1 (8095aa901b9b)
[Subsystems] Discovering subsystems at path D:/Unity/Editor/2020.3.5f1/Editor/Data/Resources/UnitySubsystems
[Subsystems] Discovering subsystems at path D:/Unity/Own/QuarterView/Assets
GfxDevice: creating device client; threaded=0
Direct3D:
    Version:  Direct3D 11.0 [level 11.1]
    Renderer: NVIDIA GeForce GTX 1070 (ID=0x1ba1)
    Vendor:   
    VRAM:     8081 MB
    Driver:   30.0.14.7111
Initialize mono
Mono path[0] = 'D:/Unity/Editor/2020.3.5f1/Editor/Data/Managed'
Mono path[1] = 'D:/Unity/Editor/2020.3.5f1/Editor/Data/MonoBleedingEdge/lib/mono/unityjit'
Mono config path = 'D:/Unity/Editor/2020.3.5f1/Editor/Data/MonoBleedingEdge/etc'
Using monoOptions --debugger-agent=transport=dt_socket,embedding=1,server=y,suspend=n,address=127.0.0.1:56508
Begin MonoManager ReloadAssembly
Registering precompiled unity dll's ...
Register platform support module: D:/Unity/Editor/2020.3.5f1/Editor/Data/PlaybackEngines/WindowsStandaloneSupport/UnityEditor.WindowsStandalone.Extensions.dll
Registered in 0.001310 seconds.
Native extension for WindowsStandalone target not found
Refreshing native plugins compatible for Editor in 33.09 ms, found 0 plugins.
Preloading 0 native plugins for Editor in 0.00 ms.
Mono: successfully reloaded assembly
- Completed reload, in  2.459 seconds
Platform modules already initialized, skipping
Registering precompiled user dll's ...
Registered in 0.000781 seconds.
Begin MonoManager ReloadAssembly
Native extension for WindowsStandalone target not found
Refreshing native plugins compatible for Editor in 0.24 ms, found 0 plugins.
Preloading 0 native plugins for Editor in 0.00 ms.
Mono: successfully reloaded assembly
- Completed reload, in  1.078 seconds
Platform modules already initialized, skipping
========================================================================
Worker process is ready to serve import requests
Launched and connected shader compiler UnityShaderCompiler.exe after 0.10 seconds
Refreshing native plugins compatible for Editor in 0.27 ms, found 0 plugins.
Preloading 0 native plugins for Editor in 0.00 ms.
Unloading 1166 Unused Serialized files (Serialized files now loaded: 0)
System memory in use before: 61.8 MB.
System memory in use after: 61.9 MB.

Unloading 10 unused Assets to reduce memory usage. Loaded Objects now: 1610.
Total: 2.666900 ms (FindLiveObjects: 0.272300 ms CreateObjectMapping: 0.135600 ms MarkObjects: 2.121200 ms  DeleteObjects: 0.135800 ms)

========================================================================
Received Import Request.
  path: Assets/Animation/Player.controller
  artifactKey: Guid(ea4eb5593ce0f0e4c93361073c41c015) Importer(815301076,1909f56bfc062723c751e8b465ee728b)
Start importing Assets/Animation/Player.controller using Guid(ea4eb5593ce0f0e4c93361073c41c015) Importer(815301076,1909f56bfc062723c751e8b465ee728b)  -> (artifact id: '65435ef023233f70c6fe9b629281cb2f') in 0.094029 seconds
  Import took 0.096715 seconds .

========================================================================
Received Import Request.
  Time since last request: 0.008600 seconds.
  path: Assets/Animation/Player.controller
  artifactKey: Guid(ea4eb5593ce0f0e4c93361073c41c015) Importer(815301076,1909f56bfc062723c751e8b465ee728b)
Start importing Assets/Animation/Player.controller using Guid(ea4eb5593ce0f0e4c93361073c41c015) Importer(815301076,1909f56bfc062723c751e8b465ee728b)  -> (artifact id: '65435ef023233f70c6fe9b629281cb2f') in 0.006928 seconds
  Import took 0.010302 seconds .

========================================================================
Received Prepare
Refreshing native plugins compatible for Editor in 0.82 ms, found 0 plugins.
Preloading 0 native plugins for Editor in 0.00 ms.
Unloading 3 Unused Serialized files (Serialized files now loaded: 0)
System memory in use before: 38.7 MB.
System memory in use after: 38.8 MB.

Unloading 3 unused Assets to reduce memory usage. Loaded Objects now: 1610.
Total: 2.296300 ms (FindLiveObjects: 0.135900 ms CreateObjectMapping: 0.037200 ms MarkObjects: 2.034300 ms  DeleteObjects: 0.087800 ms)

========================================================================
Received Prepare
Registering precompiled user dll's ...
Registered in 0.001040 seconds.
Begin MonoManager ReloadAssembly
Native extension for WindowsStandalone target not found
Refreshing native plugins compatible for Editor in 0.43 ms, found 0 plugins.
Preloading 0 native plugins for Editor in 0.00 ms.
Mono: successfully reloaded assembly
- Completed reload, in  0.999 seconds
Platform modules already initialized, skipping
Refreshing native plugins compatible for Editor in 0.29 ms, found 0 plugins.
Preloading 0 native plugins for Editor in 0.00 ms.
Unloading 1161 Unused Serialized files (Serialized files now loaded: 0)
System memory in use before: 61.8 MB.
System memory in use after: 61.9 MB.

Unloading 5 unused Assets to reduce memory usage. Loaded Objects now: 1613.
Total: 2.024900 ms (FindLiveObjects: 0.145800 ms CreateObjectMapping: 0.048500 ms MarkObjects: 1.764300 ms  DeleteObjects: 0.065000 ms)

========================================================================
Received Prepare
Refreshing native plugins compatible for Editor in 0.82 ms, found 0 plugins.
Preloading 0 native plugins for Editor in 0.00 ms.
Unloading 3 Unused Serialized files (Serialized files now loaded: 0)
System memory in use before: 38.8 MB.
System memory in use after: 38.9 MB.

Unloading 3 unused Assets to reduce memory usage. Loaded Objects now: 1613.
Total: 2.600600 ms (FindLiveObjects: 0.225200 ms CreateObjectMapping: 0.071700 ms MarkObjects: 2.066400 ms  DeleteObjects: 0.233500 ms)

========================================================================
Received Import Request.
  Time since last request: 930.961596 seconds.
  path: Assets/Scripts/Boss.cs
  artifactKey: Guid(4975d36357965c945bc1dd4c24b5babc) Importer(815301076,1909f56bfc062723c751e8b465ee728b)
Start importing Assets/Scripts/Boss.cs using Guid(4975d36357965c945bc1dd4c24b5babc) Importer(815301076,1909f56bfc062723c751e8b465ee728b)  -> (artifact id: 'a0ee6f1c28b8b76ccce4b7bc902065a6') in 0.065353 seconds
  Import took 0.068482 seconds .

========================================================================
Received Import Request.
  Time since last request: 0.484821 seconds.
  path: Assets/Scripts/StartZone.cs
  artifactKey: Guid(5b7d4895953bbe74788b1d048e2ede8e) Importer(815301076,1909f56bfc062723c751e8b465ee728b)
Start importing Assets/Scripts/StartZone.cs using Guid(5b7d4895953bbe74788b1d048e2ede8e) Importer(815301076,1909f56bfc062723c751e8b465ee728b)  -> (artifact id: '3a9e9efa22542890271e11b7c5498561') in 0.013013 seconds
  Import took 0.015527 seconds .

========================================================================
Received Import Request.
  Time since last request: 0.010542 seconds.
  path: Assets/Scripts/StartZone.cs
  artifactKey: Guid(5b7d4895953bbe74788b1d048e2ede8e) Importer(815301076,1909f56bfc062723c751e8b465ee728b)
Start importing Assets/Scripts/StartZone.cs using Guid(5b7d4895953bbe74788b1d048e2ede8e) Importer(815301076,1909f56bfc062723c751e8b465ee728b)  -> (artifact id: '3a9e9efa22542890271e11b7c5498561') in 0.002605 seconds
  Import took 0.005500 seconds .

========================================================================
Received Import Request.
  Time since last request: 0.752921 seconds.
  path: Assets/Scripts/Player.cs
  artifactKey: Guid(852ec9a043ea8664dbb57756dc36815d) Importer(815301076,1909f56bfc062723c751e8b465ee728b)
Start importing Assets/Scripts/Player.cs using Guid(852ec9a043ea8664dbb57756dc36815d) Importer(815301076,1909f56bfc062723c751e8b465ee728b)  -> (artifact id: 'ce3c63a83c6d5f4a72e99f125aed574d') in 0.006194 seconds
  Import took 0.012028 seconds .

========================================================================
Received Import Request.
  Time since last request: 0.005928 seconds.
  path: Assets/Scripts/Player.cs
  artifactKey: Guid(852ec9a043ea8664dbb57756dc36815d) Importer(815301076,1909f56bfc062723c751e8b465ee728b)
Start importing Assets/Scripts/Player.cs using Guid(852ec9a043ea8664dbb57756dc36815d) Importer(815301076,1909f56bfc062723c751e8b465ee728b)  -> (artifact id: 'ce3c63a83c6d5f4a72e99f125aed574d') in 0.004460 seconds
  Import took 0.008582 seconds .

========================================================================
Received Import Request.
  Time since last request: 183.052894 seconds.
  path: Assets/Scripts/Enemy.cs
  artifactKey: Guid(72fd15675c984004381479842e76d3a5) Importer(815301076,1909f56bfc062723c751e8b465ee728b)
Start importing Assets/Scripts/Enemy.cs using Guid(72fd15675c984004381479842e76d3a5) Importer(815301076,1909f56bfc062723c751e8b465ee728b)  -> (artifact id: '2388a1df09c2bfb6ea354e3b287080b5') in 0.014381 seconds
  Import took 0.017265 seconds .

========================================================================
Received Import Request.
  Time since last request: 450.030764 seconds.
  path: Assets/Scripts/Shop.cs
  artifactKey: Guid(56ba89180db9b4f4b8a4ef0a958992bd) Importer(815301076,1909f56bfc062723c751e8b465ee728b)
Start importing Assets/Scripts/Shop.cs using Guid(56ba89180db9b4f4b8a4ef0a958992bd) Importer(815301076,1909f56bfc062723c751e8b465ee728b)  -> (artifact id: '49984faa777fbe0aecd9fff652343f80') in 0.015901 seconds
  Import took 0.019115 seconds .

========================================================================
Received Import Request.
  Time since last request: 0.003559 seconds.
  path: Assets/Scripts/Shop.cs
  artifactKey: Guid(56ba89180db9b4f4b8a4ef0a958992bd) Importer(815301076,1909f56bfc062723c751e8b465ee728b)
Start importing Assets/Scripts/Shop.cs using Guid(56ba89180db9b4f4b8a4ef0a958992bd) Importer(815301076,1909f56bfc062723c751e8b465ee728b)  -> (artifact id: '49984faa777fbe0aecd9fff652343f80') in 0.007641 seconds
  Import took 0.010923 seconds .

========================================================================
Received Import Request.
  Time since last request: 1.796394 seconds.
  path: Assets/Scripts/Orbit.cs
  artifactKey: Guid(a287b368f2f73f648a3244c8c134306a) Importer(815301076,1909f56bfc062723c751e8b465ee728b)
Start importing Assets/Scripts/Orbit.cs using Guid(a287b368f2f73f648a3244c8c134306a) Importer(815301076,1909f56bfc062723c751e8b465ee728b)  -> (artifact id: '69a3a4031f389fb2034439a7608bb600') in 0.011343 seconds
  Import took 0.017454 seconds .

========================================================================
Received Import Request.
  Time since last request: 0.002626 seconds.
  path: Assets/Scripts/Orbit.cs
  artifactKey: Guid(a287b368f2f73f648a3244c8c134306a) Importer(815301076,1909f56bfc062723c751e8b465ee728b)
Start importing Assets/Scripts/Orbit.cs using Guid(a287b368f2f73f648a3244c8c134306a) Importer(815301076,1909f56bfc062723c751e8b465ee728b)  -> (artifact id: '69a3a4031f389fb2034439a7608bb600') in 0.002688 seconds
  Import took 0.004982 seconds .

========================================================================
Received Import Request.
  Time since last request: 1.607936 seconds.
  path: Assets/Scripts/Bullet.cs
  artifactKey: Guid(2365ffad1540fa7458ee0f836a271b2d) Importer(815301076,1909f56bfc062723c751e8b465ee728b)
Start importing Assets/Scripts/Bullet.cs using Guid(2365ffad1540fa7458ee0f836a271b2d) Importer(815301076,1909f56bfc062723c751e8b465ee728b)  -> (artifact id: '845d71fa5bf8ff77226db2688080a9e3') in 0.056669 seconds
  Import took 0.059181 seconds .

========================================================================
Received Import Request.
  Time since last request: 71.576605 seconds.
  path: Assets/Scripts/Weapon.cs
  artifactKey: Guid(77fe0ff4e9009f643834a13b002b6c6c) Importer(815301076,1909f56bfc062723c751e8b465ee728b)
Start importing Assets/Scripts/Weapon.cs using Guid(77fe0ff4e9009f643834a13b002b6c6c) Importer(815301076,1909f56bfc062723c751e8b465ee728b)  -> (artifact id: 'f2480264cc9a6631c36ce78cc218a85d') in 0.010013 seconds
  Import took 0.014013 seconds .

========================================================================
Received Import Request.
  Time since last request: 0.032301 seconds.
  path: Assets/Scripts/Weapon.cs
  artifactKey: Guid(77fe0ff4e9009f643834a13b002b6c6c) Importer(815301076,1909f56bfc062723c751e8b465ee728b)
Start importing Assets/Scripts/Weapon.cs using Guid(77fe0ff4e9009f643834a13b002b6c6c) Importer(815301076,1909f56bfc062723c751e8b465ee728b)  -> (artifact id: 'f2480264cc9a6631c36ce78cc218a85d') in 0.004166 seconds
  Import took 0.007165 seconds .

AssetImportWorkerClient::OnTransportError - code=2 error=End of file
